2017-01-23 12:29:55,458 - Trying to use logger class org.apache.velocity.runtime.log.Log4JLogChute
2017-01-23 12:29:55,458 - Using logger class org.apache.velocity.runtime.log.Log4JLogChute
2017-01-23 12:29:55,460 - Default ResourceManager initializing. (class org.apache.velocity.runtime.resource.ResourceManagerImpl)
2017-01-23 12:29:55,461 - ResourceLoader instantiated: org.apache.velocity.runtime.resource.loader.ClasspathResourceLoader
2017-01-23 12:29:55,468 - ResourceCache: initialized (class org.apache.velocity.runtime.resource.ResourceCacheImpl)
2017-01-23 12:29:55,469 - Loaded System Directive: org.apache.velocity.runtime.directive.Literal
2017-01-23 12:29:55,470 - Loaded System Directive: org.apache.velocity.runtime.directive.Macro
2017-01-23 12:29:55,472 - Loaded System Directive: org.apache.velocity.runtime.directive.Parse
2017-01-23 12:29:55,474 - Loaded System Directive: org.apache.velocity.runtime.directive.Include
2017-01-23 12:29:55,475 - Loaded System Directive: org.apache.velocity.runtime.directive.Foreach
2017-01-23 12:29:55,493 - Created '20' parsers.
2017-01-23 12:29:55,496 - Velocimacro : "velocimacro.library" is not set.  Trying default library: VM_global_library.vm
2017-01-23 12:29:55,547 - Velocimacro : Default library not found.
2017-01-23 12:29:55,547 - Velocimacro : allowInline = true : VMs can be defined inline in templates
2017-01-23 12:29:55,547 - Velocimacro : allowInlineToOverride = false : VMs defined inline may NOT replace previous VM definitions
2017-01-23 12:29:55,547 - Velocimacro : allowInlineLocal = false : VMs defined inline will be global in scope if allowed.
2017-01-23 12:29:55,547 - Velocimacro : autoload off : VM system will not automatically reload global library macros
2017-01-23 12:36:05,536 - Log4JLogChute initialized using file 'velocity.log'
2017-01-23 12:36:05,537 - Starting Apache Velocity v1.5 (compiled: 2007-02-22 08:52:29)
2017-01-23 12:36:05,537 - Default Properties File: org\apache\velocity\runtime\defaults\velocity.properties
2017-01-23 12:36:05,537 - Trying to use logger class org.apache.velocity.runtime.log.AvalonLogChute
2017-01-23 12:36:05,537 - Couldn't find class org.apache.velocity.runtime.log.AvalonLogChute or necessary supporting classes in classpath.
java.lang.NoClassDefFoundError: org/apache/log/format/Formatter
	at java.lang.Class.forName0(Native Method)
	at java.lang.Class.forName(Class.java:348)
	at org.apache.velocity.util.ClassUtils.getClass(ClassUtils.java:63)
	at org.apache.velocity.util.ClassUtils.getNewInstance(ClassUtils.java:95)
	at org.apache.velocity.runtime.log.LogManager.createLogChute(LogManager.java:147)
	at org.apache.velocity.runtime.log.LogManager.updateLog(LogManager.java:208)
	at org.apache.velocity.runtime.RuntimeInstance.initializeLog(RuntimeInstance.java:728)
	at org.apache.velocity.runtime.RuntimeInstance.init(RuntimeInstance.java:240)
	at org.apache.velocity.runtime.RuntimeInstance.init(RuntimeInstance.java:534)
	at org.apache.velocity.runtime.RuntimeSingleton.init(RuntimeSingleton.java:227)
	at org.apache.velocity.app.Velocity.init(Velocity.java:111)
	at com.kony.tool.templateprovider.VelocityTemplateProvider.<clinit>(VelocityTemplateProvider.java:53)
	at com.pat.tool.keditor.KEditorPlugin.init(KEditorPlugin.java:896)
	at com.pat.tool.keditor.KEditorPlugin.start(KEditorPlugin.java:593)
	at org.eclipse.osgi.framework.internal.core.BundleContextImpl$1.run(BundleContextImpl.java:711)
	at java.security.AccessController.doPrivileged(Native Method)
	at org.eclipse.osgi.framework.internal.core.BundleContextImpl.startActivator(BundleContextImpl.java:702)
	at org.eclipse.osgi.framework.internal.core.BundleContextImpl.start(BundleContextImpl.java:683)
	at org.eclipse.osgi.framework.internal.core.BundleHost.startWorker(BundleHost.java:381)
	at org.eclipse.osgi.framework.internal.core.AbstractBundle.start(AbstractBundle.java:300)
	at org.eclipse.osgi.framework.util.SecureAction.start(SecureAction.java:478)
	at org.eclipse.osgi.internal.loader.BundleLoader.setLazyTrigger(BundleLoader.java:263)
	at org.eclipse.core.runtime.internal.adaptor.EclipseLazyStarter.postFindLocalClass(EclipseLazyStarter.java:109)
	at org.eclipse.osgi.baseadaptor.loader.ClasspathManager.findLocalClass(ClasspathManager.java:469)
	at org.eclipse.osgi.internal.baseadaptor.DefaultClassLoader.findLocalClass(DefaultClassLoader.java:216)
	at org.eclipse.osgi.internal.loader.BundleLoader.findLocalClass(BundleLoader.java:395)
	at org.eclipse.osgi.internal.loader.BundleLoader.findClassInternal(BundleLoader.java:464)
	at org.eclipse.osgi.internal.loader.BundleLoader.findClass(BundleLoader.java:421)
	at org.eclipse.osgi.internal.loader.BundleLoader.findClass(BundleLoader.java:412)
	at org.eclipse.osgi.internal.baseadaptor.DefaultClassLoader.loadClass(DefaultClassLoader.java:107)
	at java.lang.ClassLoader.loadClass(ClassLoader.java:357)
	at org.eclipse.osgi.internal.loader.BundleLoader.loadClass(BundleLoader.java:340)
	at org.eclipse.osgi.framework.internal.core.BundleHost.loadClass(BundleHost.java:229)
	at org.eclipse.osgi.framework.internal.core.AbstractBundle.loadClass(AbstractBundle.java:1212)
	at org.eclipse.core.internal.registry.osgi.RegistryStrategyOSGI.createExecutableExtension(RegistryStrategyOSGI.java:174)
	at org.eclipse.core.internal.registry.ExtensionRegistry.createExecutableExtension(ExtensionRegistry.java:905)
	at org.eclipse.core.internal.registry.ConfigurationElement.createExecutableExtension(ConfigurationElement.java:243)
	at org.eclipse.core.internal.registry.ConfigurationElementHandle.createExecutableExtension(ConfigurationElementHandle.java:55)
	at org.eclipse.equinox.internal.app.EclipseAppHandle.run(EclipseAppHandle.java:191)
	at org.eclipse.core.runtime.internal.adaptor.EclipseAppLauncher.runApplication(EclipseAppLauncher.java:110)
	at org.eclipse.core.runtime.internal.adaptor.EclipseAppLauncher.start(EclipseAppLauncher.java:79)
	at org.eclipse.core.runtime.adaptor.EclipseStarter.run(EclipseStarter.java:354)
	at org.eclipse.core.runtime.adaptor.EclipseStarter.run(EclipseStarter.java:181)
	at sun.reflect.NativeMethodAccessorImpl.invoke0(Native Method)
	at sun.reflect.NativeMethodAccessorImpl.invoke(NativeMethodAccessorImpl.java:62)
	at sun.reflect.DelegatingMethodAccessorImpl.invoke(DelegatingMethodAccessorImpl.java:43)
	at java.lang.reflect.Method.invoke(Method.java:498)
	at org.eclipse.equinox.launcher.Main.invokeFramework(Main.java:636)
	at org.eclipse.equinox.launcher.Main.basicRun(Main.java:591)
	at org.eclipse.equinox.launcher.Main.run(Main.java:1450)
	at org.eclipse.equinox.launcher.Main.main(Main.java:1426)
	at org.eclipse.core.launcher.Main.main(Main.java:34)
Caused by: java.lang.ClassNotFoundException: org.apache.log.format.Formatter cannot be found by com.kony.thirdparty.jars_7.2.1.GA_v201612131741
	at org.eclipse.osgi.internal.loader.BundleLoader.findClassInternal(BundleLoader.java:501)
	at org.eclipse.osgi.internal.loader.BundleLoader.findClass(BundleLoader.java:421)
	at org.eclipse.osgi.internal.loader.BundleLoader.findClass(BundleLoader.java:412)
	at org.eclipse.osgi.internal.baseadaptor.DefaultClassLoader.loadClass(DefaultClassLoader.java:107)
	at java.lang.ClassLoader.loadClass(ClassLoader.java:357)
	... 52 more
2017-01-23 12:36:05,539 - Trying to use logger class org.apache.velocity.runtime.log.Log4JLogChute
2017-01-23 12:36:05,539 - Using logger class org.apache.velocity.runtime.log.Log4JLogChute
2017-01-23 12:36:05,540 - Default ResourceManager initializing. (class org.apache.velocity.runtime.resource.ResourceManagerImpl)
2017-01-23 12:36:05,542 - ResourceLoader instantiated: org.apache.velocity.runtime.resource.loader.ClasspathResourceLoader
2017-01-23 12:36:05,549 - ResourceCache: initialized (class org.apache.velocity.runtime.resource.ResourceCacheImpl)
2017-01-23 12:36:05,550 - Loaded System Directive: org.apache.velocity.runtime.directive.Literal
2017-01-23 12:36:05,550 - Loaded System Directive: org.apache.velocity.runtime.directive.Macro
2017-01-23 12:36:05,551 - Loaded System Directive: org.apache.velocity.runtime.directive.Parse
2017-01-23 12:36:05,552 - Loaded System Directive: org.apache.velocity.runtime.directive.Include
2017-01-23 12:36:05,552 - Loaded System Directive: org.apache.velocity.runtime.directive.Foreach
2017-01-23 12:36:05,567 - Created '20' parsers.
2017-01-23 12:36:05,570 - Velocimacro : "velocimacro.library" is not set.  Trying default library: VM_global_library.vm
2017-01-23 12:36:05,602 - Velocimacro : Default library not found.
2017-01-23 12:36:05,602 - Velocimacro : allowInline = true : VMs can be defined inline in templates
2017-01-23 12:36:05,602 - Velocimacro : allowInlineToOverride = false : VMs defined inline may NOT replace previous VM definitions
2017-01-23 12:36:05,602 - Velocimacro : allowInlineLocal = false : VMs defined inline will be global in scope if allowed.
2017-01-23 12:36:05,602 - Velocimacro : autoload off : VM system will not automatically reload global library macros
2017-01-23 12:36:46,243 - ResourceManager : found tpjsmiddlewareerror.vm with loader org.apache.velocity.runtime.resource.loader.ClasspathResourceLoader
2017-01-23 12:36:46,243 - ResourceManager : found tpjssessionerror.vm with loader org.apache.velocity.runtime.resource.loader.ClasspathResourceLoader
2017-01-23 12:36:46,243 - ResourceManager : found tpjsapperror.vm with loader org.apache.velocity.runtime.resource.loader.ClasspathResourceLoader
2017-01-23 12:36:46,258 - ResourceManager : found tpjsmiddlewareinvoker.vm with loader org.apache.velocity.runtime.resource.loader.ClasspathResourceLoader
2017-01-23 12:36:46,258 - Left side ($palmpre) of '==' operation has null value. If a reference, it may not be in the context. Operation not possible. tpjsmiddlewareinvoker.vm [line 93, column 20]
2017-01-23 12:36:46,258 - Left side ($palmpre) of '==' operation has null value. If a reference, it may not be in the context. Operation not possible. tpjsmiddlewareinvoker.vm [line 172, column 20]
2017-01-23 12:36:46,258 - Left side ($palmpre) of '==' operation has null value. If a reference, it may not be in the context. Operation not possible. tpjsmiddlewareinvoker.vm [line 255, column 20]
2017-01-23 12:36:46,258 - Left side ($palmpre) of '==' operation has null value. If a reference, it may not be in the context. Operation not possible. tpjsmiddlewareinvoker.vm [line 326, column 20]
2017-01-23 12:36:46,258 - Left side ($palmpre) of '==' operation has null value. If a reference, it may not be in the context. Operation not possible. tpjsmiddlewareinvoker.vm [line 395, column 20]
2017-01-23 12:36:46,258 - ResourceManager : found tpjscallfunc.vm with loader org.apache.velocity.runtime.resource.loader.ClasspathResourceLoader
2017-01-23 12:36:46,310 - ResourceManager : found tpjsstartup.vm with loader org.apache.velocity.runtime.resource.loader.ClasspathResourceLoader
2017-01-23 12:36:46,325 - ResourceManager : found tpjshybridstartupforspa.vm with loader org.apache.velocity.runtime.resource.loader.ClasspathResourceLoader
2017-01-23 12:36:46,336 - ResourceManager : found tpjswinmobilesequencecontainerglobals.vm with loader org.apache.velocity.runtime.resource.loader.ClasspathResourceLoader
2017-01-23 12:36:46,339 - ResourceManager : found tpjswinmobilesequence.vm with loader org.apache.velocity.runtime.resource.loader.ClasspathResourceLoader
2017-01-23 12:36:46,343 - ResourceManager : found tpjsappconfigfortc.vm with loader org.apache.velocity.runtime.resource.loader.ClasspathResourceLoader
2017-01-23 12:36:46,345 - ResourceManager : found customizederrorjsptemplate.vm with loader org.apache.velocity.runtime.resource.loader.ClasspathResourceLoader
2017-01-23 12:36:46,345 - ResourceManager : found tpspabasetemplateforjs.vm with loader org.apache.velocity.runtime.resource.loader.ClasspathResourceLoader
2017-01-23 12:36:46,395 - ResourceManager : found tpjsformglobalsforbb10.vm with loader org.apache.velocity.runtime.resource.loader.ClasspathResourceLoader
2017-01-23 12:44:49,824 - Log4JLogChute initialized using file 'velocity.log'
2017-01-23 12:44:49,824 - Starting Apache Velocity v1.5 (compiled: 2007-02-22 08:52:29)
2017-01-23 12:44:49,824 - Default Properties File: org\apache\velocity\runtime\defaults\velocity.properties
2017-01-23 12:44:49,824 - Trying to use logger class org.apache.velocity.runtime.log.AvalonLogChute
2017-01-23 12:44:49,824 - Couldn't find class org.apache.velocity.runtime.log.AvalonLogChute or necessary supporting classes in classpath.
java.lang.NoClassDefFoundError: org/apache/log/format/Formatter
	at java.lang.Class.forName0(Native Method)
	at java.lang.Class.forName(Class.java:348)
	at org.apache.velocity.util.ClassUtils.getClass(ClassUtils.java:63)
	at org.apache.velocity.util.ClassUtils.getNewInstance(ClassUtils.java:95)
	at org.apache.velocity.runtime.log.LogManager.createLogChute(LogManager.java:147)
	at org.apache.velocity.runtime.log.LogManager.updateLog(LogManager.java:208)
	at org.apache.velocity.runtime.RuntimeInstance.initializeLog(RuntimeInstance.java:728)
	at org.apache.velocity.runtime.RuntimeInstance.init(RuntimeInstance.java:240)
	at org.apache.velocity.runtime.RuntimeInstance.init(RuntimeInstance.java:534)
	at org.apache.velocity.runtime.RuntimeSingleton.init(RuntimeSingleton.java:227)
	at org.apache.velocity.app.Velocity.init(Velocity.java:111)
	at com.kony.tool.templateprovider.VelocityTemplateProvider.<clinit>(VelocityTemplateProvider.java:53)
	at com.pat.tool.keditor.KEditorPlugin.init(KEditorPlugin.java:896)
	at com.pat.tool.keditor.KEditorPlugin.start(KEditorPlugin.java:593)
	at org.eclipse.osgi.framework.internal.core.BundleContextImpl$1.run(BundleContextImpl.java:711)
	at java.security.AccessController.doPrivileged(Native Method)
	at org.eclipse.osgi.framework.internal.core.BundleContextImpl.startActivator(BundleContextImpl.java:702)
	at org.eclipse.osgi.framework.internal.core.BundleContextImpl.start(BundleContextImpl.java:683)
	at org.eclipse.osgi.framework.internal.core.BundleHost.startWorker(BundleHost.java:381)
	at org.eclipse.osgi.framework.internal.core.AbstractBundle.start(AbstractBundle.java:300)
	at org.eclipse.osgi.framework.util.SecureAction.start(SecureAction.java:478)
	at org.eclipse.osgi.internal.loader.BundleLoader.setLazyTrigger(BundleLoader.java:263)
	at org.eclipse.core.runtime.internal.adaptor.EclipseLazyStarter.postFindLocalClass(EclipseLazyStarter.java:109)
	at org.eclipse.osgi.baseadaptor.loader.ClasspathManager.findLocalClass(ClasspathManager.java:469)
	at org.eclipse.osgi.internal.baseadaptor.DefaultClassLoader.findLocalClass(DefaultClassLoader.java:216)
	at org.eclipse.osgi.internal.loader.BundleLoader.findLocalClass(BundleLoader.java:395)
	at org.eclipse.osgi.internal.loader.BundleLoader.findClassInternal(BundleLoader.java:464)
	at org.eclipse.osgi.internal.loader.BundleLoader.findClass(BundleLoader.java:421)
	at org.eclipse.osgi.internal.loader.BundleLoader.findClass(BundleLoader.java:412)
	at org.eclipse.osgi.internal.baseadaptor.DefaultClassLoader.loadClass(DefaultClassLoader.java:107)
	at java.lang.ClassLoader.loadClass(ClassLoader.java:357)
	at org.eclipse.osgi.internal.loader.BundleLoader.loadClass(BundleLoader.java:340)
	at org.eclipse.osgi.framework.internal.core.BundleHost.loadClass(BundleHost.java:229)
	at org.eclipse.osgi.framework.internal.core.AbstractBundle.loadClass(AbstractBundle.java:1212)
	at org.eclipse.core.internal.registry.osgi.RegistryStrategyOSGI.createExecutableExtension(RegistryStrategyOSGI.java:174)
	at org.eclipse.core.internal.registry.ExtensionRegistry.createExecutableExtension(ExtensionRegistry.java:905)
	at org.eclipse.core.internal.registry.ConfigurationElement.createExecutableExtension(ConfigurationElement.java:243)
	at org.eclipse.core.internal.registry.ConfigurationElementHandle.createExecutableExtension(ConfigurationElementHandle.java:55)
	at org.eclipse.equinox.internal.app.EclipseAppHandle.run(EclipseAppHandle.java:191)
	at org.eclipse.core.runtime.internal.adaptor.EclipseAppLauncher.runApplication(EclipseAppLauncher.java:110)
	at org.eclipse.core.runtime.internal.adaptor.EclipseAppLauncher.start(EclipseAppLauncher.java:79)
	at org.eclipse.core.runtime.adaptor.EclipseStarter.run(EclipseStarter.java:354)
	at org.eclipse.core.runtime.adaptor.EclipseStarter.run(EclipseStarter.java:181)
	at sun.reflect.NativeMethodAccessorImpl.invoke0(Native Method)
	at sun.reflect.NativeMethodAccessorImpl.invoke(NativeMethodAccessorImpl.java:62)
	at sun.reflect.DelegatingMethodAccessorImpl.invoke(DelegatingMethodAccessorImpl.java:43)
	at java.lang.reflect.Method.invoke(Method.java:498)
	at org.eclipse.equinox.launcher.Main.invokeFramework(Main.java:636)
	at org.eclipse.equinox.launcher.Main.basicRun(Main.java:591)
	at org.eclipse.equinox.launcher.Main.run(Main.java:1450)
	at org.eclipse.equinox.launcher.Main.main(Main.java:1426)
	at org.eclipse.core.launcher.Main.main(Main.java:34)
Caused by: java.lang.ClassNotFoundException: org.apache.log.format.Formatter cannot be found by com.kony.thirdparty.jars_7.2.1.GA_v201612131741
	at org.eclipse.osgi.internal.loader.BundleLoader.findClassInternal(BundleLoader.java:501)
	at org.eclipse.osgi.internal.loader.BundleLoader.findClass(BundleLoader.java:421)
	at org.eclipse.osgi.internal.loader.BundleLoader.findClass(BundleLoader.java:412)
	at org.eclipse.osgi.internal.baseadaptor.DefaultClassLoader.loadClass(DefaultClassLoader.java:107)
	at java.lang.ClassLoader.loadClass(ClassLoader.java:357)
	... 52 more
2017-01-23 12:44:49,824 - Trying to use logger class org.apache.velocity.runtime.log.Log4JLogChute
2017-01-23 12:44:49,824 - Using logger class org.apache.velocity.runtime.log.Log4JLogChute
2017-01-23 12:44:49,824 - Default ResourceManager initializing. (class org.apache.velocity.runtime.resource.ResourceManagerImpl)
2017-01-23 12:44:49,824 - ResourceLoader instantiated: org.apache.velocity.runtime.resource.loader.ClasspathResourceLoader
2017-01-23 12:44:49,839 - ResourceCache: initialized (class org.apache.velocity.runtime.resource.ResourceCacheImpl)
2017-01-23 12:44:49,839 - Loaded System Directive: org.apache.velocity.runtime.directive.Literal
2017-01-23 12:44:49,839 - Loaded System Directive: org.apache.velocity.runtime.directive.Macro
2017-01-23 12:44:49,839 - Loaded System Directive: org.apache.velocity.runtime.directive.Parse
2017-01-23 12:44:49,839 - Loaded System Directive: org.apache.velocity.runtime.directive.Include
2017-01-23 12:44:49,839 - Loaded System Directive: org.apache.velocity.runtime.directive.Foreach
2017-01-23 12:44:49,855 - Created '20' parsers.
2017-01-23 12:44:49,855 - Velocimacro : "velocimacro.library" is not set.  Trying default library: VM_global_library.vm
2017-01-23 12:44:49,909 - Velocimacro : Default library not found.
2017-01-23 12:44:49,909 - Velocimacro : allowInline = true : VMs can be defined inline in templates
2017-01-23 12:44:49,909 - Velocimacro : allowInlineToOverride = false : VMs defined inline may NOT replace previous VM definitions
2017-01-23 12:44:49,909 - Velocimacro : allowInlineLocal = false : VMs defined inline will be global in scope if allowed.
2017-01-23 12:44:49,909 - Velocimacro : autoload off : VM system will not automatically reload global library macros
2017-01-23 12:45:32,023 - ResourceManager : found tpjsmiddlewareerror.vm with loader org.apache.velocity.runtime.resource.loader.ClasspathResourceLoader
2017-01-23 12:45:32,023 - ResourceManager : found tpjssessionerror.vm with loader org.apache.velocity.runtime.resource.loader.ClasspathResourceLoader
2017-01-23 12:45:32,023 - ResourceManager : found tpjsapperror.vm with loader org.apache.velocity.runtime.resource.loader.ClasspathResourceLoader
2017-01-23 12:45:32,054 - ResourceManager : found tpjsmiddlewareinvoker.vm with loader org.apache.velocity.runtime.resource.loader.ClasspathResourceLoader
2017-01-23 12:45:32,054 - Left side ($palmpre) of '==' operation has null value. If a reference, it may not be in the context. Operation not possible. tpjsmiddlewareinvoker.vm [line 93, column 20]
2017-01-23 12:45:32,054 - Left side ($palmpre) of '==' operation has null value. If a reference, it may not be in the context. Operation not possible. tpjsmiddlewareinvoker.vm [line 172, column 20]
2017-01-23 12:45:32,054 - Left side ($palmpre) of '==' operation has null value. If a reference, it may not be in the context. Operation not possible. tpjsmiddlewareinvoker.vm [line 255, column 20]
2017-01-23 12:45:32,054 - Left side ($palmpre) of '==' operation has null value. If a reference, it may not be in the context. Operation not possible. tpjsmiddlewareinvoker.vm [line 326, column 20]
2017-01-23 12:45:32,054 - Left side ($palmpre) of '==' operation has null value. If a reference, it may not be in the context. Operation not possible. tpjsmiddlewareinvoker.vm [line 395, column 20]
2017-01-23 12:45:32,054 - ResourceManager : found tpjscallfunc.vm with loader org.apache.velocity.runtime.resource.loader.ClasspathResourceLoader
2017-01-23 12:45:32,105 - ResourceManager : found tpjsstartup.vm with loader org.apache.velocity.runtime.resource.loader.ClasspathResourceLoader
2017-01-23 12:45:32,107 - ResourceManager : found tpjshybridstartupforspa.vm with loader org.apache.velocity.runtime.resource.loader.ClasspathResourceLoader
2017-01-23 12:45:32,123 - ResourceManager : found tpjswinmobilesequencecontainerglobals.vm with loader org.apache.velocity.runtime.resource.loader.ClasspathResourceLoader
2017-01-23 12:45:32,123 - ResourceManager : found tpjswinmobilesequence.vm with loader org.apache.velocity.runtime.resource.loader.ClasspathResourceLoader
2017-01-23 12:45:32,141 - ResourceManager : found tpjsappconfigfortc.vm with loader org.apache.velocity.runtime.resource.loader.ClasspathResourceLoader
2017-01-23 12:45:32,144 - ResourceManager : found customizederrorjsptemplate.vm with loader org.apache.velocity.runtime.resource.loader.ClasspathResourceLoader
2017-01-23 12:45:32,146 - ResourceManager : found tpspabasetemplateforjs.vm with loader org.apache.velocity.runtime.resource.loader.ClasspathResourceLoader
2017-01-23 12:45:32,383 - ResourceManager : found tpjsformglobalsforbb10.vm with loader org.apache.velocity.runtime.resource.loader.ClasspathResourceLoader
2017-01-23 12:51:06,856 - Log4JLogChute initialized using file 'velocity.log'
2017-01-23 12:51:06,856 - Starting Apache Velocity v1.5 (compiled: 2007-02-22 08:52:29)
2017-01-23 12:51:06,856 - Default Properties File: org\apache\velocity\runtime\defaults\velocity.properties
2017-01-23 12:51:06,856 - Trying to use logger class org.apache.velocity.runtime.log.AvalonLogChute
2017-01-23 12:51:06,856 - Couldn't find class org.apache.velocity.runtime.log.AvalonLogChute or necessary supporting classes in classpath.
java.lang.NoClassDefFoundError: org/apache/log/format/Formatter
	at java.lang.Class.forName0(Native Method)
	at java.lang.Class.forName(Class.java:348)
	at org.apache.velocity.util.ClassUtils.getClass(ClassUtils.java:63)
	at org.apache.velocity.util.ClassUtils.getNewInstance(ClassUtils.java:95)
	at org.apache.velocity.runtime.log.LogManager.createLogChute(LogManager.java:147)
	at org.apache.velocity.runtime.log.LogManager.updateLog(LogManager.java:208)
	at org.apache.velocity.runtime.RuntimeInstance.initializeLog(RuntimeInstance.java:728)
	at org.apache.velocity.runtime.RuntimeInstance.init(RuntimeInstance.java:240)
	at org.apache.velocity.runtime.RuntimeInstance.init(RuntimeInstance.java:534)
	at org.apache.velocity.runtime.RuntimeSingleton.init(RuntimeSingleton.java:227)
	at org.apache.velocity.app.Velocity.init(Velocity.java:111)
	at com.kony.tool.templateprovider.VelocityTemplateProvider.<clinit>(VelocityTemplateProvider.java:53)
	at com.pat.tool.keditor.KEditorPlugin.init(KEditorPlugin.java:896)
	at com.pat.tool.keditor.KEditorPlugin.start(KEditorPlugin.java:593)
	at org.eclipse.osgi.framework.internal.core.BundleContextImpl$1.run(BundleContextImpl.java:711)
	at java.security.AccessController.doPrivileged(Native Method)
	at org.eclipse.osgi.framework.internal.core.BundleContextImpl.startActivator(BundleContextImpl.java:702)
	at org.eclipse.osgi.framework.internal.core.BundleContextImpl.start(BundleContextImpl.java:683)
	at org.eclipse.osgi.framework.internal.core.BundleHost.startWorker(BundleHost.java:381)
	at org.eclipse.osgi.framework.internal.core.AbstractBundle.start(AbstractBundle.java:300)
	at org.eclipse.osgi.framework.util.SecureAction.start(SecureAction.java:478)
	at org.eclipse.osgi.internal.loader.BundleLoader.setLazyTrigger(BundleLoader.java:263)
	at org.eclipse.core.runtime.internal.adaptor.EclipseLazyStarter.postFindLocalClass(EclipseLazyStarter.java:109)
	at org.eclipse.osgi.baseadaptor.loader.ClasspathManager.findLocalClass(ClasspathManager.java:469)
	at org.eclipse.osgi.internal.baseadaptor.DefaultClassLoader.findLocalClass(DefaultClassLoader.java:216)
	at org.eclipse.osgi.internal.loader.BundleLoader.findLocalClass(BundleLoader.java:395)
	at org.eclipse.osgi.internal.loader.BundleLoader.findClassInternal(BundleLoader.java:464)
	at org.eclipse.osgi.internal.loader.BundleLoader.findClass(BundleLoader.java:421)
	at org.eclipse.osgi.internal.loader.BundleLoader.findClass(BundleLoader.java:412)
	at org.eclipse.osgi.internal.baseadaptor.DefaultClassLoader.loadClass(DefaultClassLoader.java:107)
	at java.lang.ClassLoader.loadClass(ClassLoader.java:357)
	at org.eclipse.osgi.internal.loader.BundleLoader.loadClass(BundleLoader.java:340)
	at org.eclipse.osgi.framework.internal.core.BundleHost.loadClass(BundleHost.java:229)
	at org.eclipse.osgi.framework.internal.core.AbstractBundle.loadClass(AbstractBundle.java:1212)
	at org.eclipse.core.internal.registry.osgi.RegistryStrategyOSGI.createExecutableExtension(RegistryStrategyOSGI.java:174)
	at org.eclipse.core.internal.registry.ExtensionRegistry.createExecutableExtension(ExtensionRegistry.java:905)
	at org.eclipse.core.internal.registry.ConfigurationElement.createExecutableExtension(ConfigurationElement.java:243)
	at org.eclipse.core.internal.registry.ConfigurationElementHandle.createExecutableExtension(ConfigurationElementHandle.java:55)
	at org.eclipse.equinox.internal.app.EclipseAppHandle.run(EclipseAppHandle.java:191)
	at org.eclipse.core.runtime.internal.adaptor.EclipseAppLauncher.runApplication(EclipseAppLauncher.java:110)
	at org.eclipse.core.runtime.internal.adaptor.EclipseAppLauncher.start(EclipseAppLauncher.java:79)
	at org.eclipse.core.runtime.adaptor.EclipseStarter.run(EclipseStarter.java:354)
	at org.eclipse.core.runtime.adaptor.EclipseStarter.run(EclipseStarter.java:181)
	at sun.reflect.NativeMethodAccessorImpl.invoke0(Native Method)
	at sun.reflect.NativeMethodAccessorImpl.invoke(NativeMethodAccessorImpl.java:62)
	at sun.reflect.DelegatingMethodAccessorImpl.invoke(DelegatingMethodAccessorImpl.java:43)
	at java.lang.reflect.Method.invoke(Method.java:498)
	at org.eclipse.equinox.launcher.Main.invokeFramework(Main.java:636)
	at org.eclipse.equinox.launcher.Main.basicRun(Main.java:591)
	at org.eclipse.equinox.launcher.Main.run(Main.java:1450)
	at org.eclipse.equinox.launcher.Main.main(Main.java:1426)
	at org.eclipse.core.launcher.Main.main(Main.java:34)
Caused by: java.lang.ClassNotFoundException: org.apache.log.format.Formatter cannot be found by com.kony.thirdparty.jars_7.2.1.GA_v201612131741
	at org.eclipse.osgi.internal.loader.BundleLoader.findClassInternal(BundleLoader.java:501)
	at org.eclipse.osgi.internal.loader.BundleLoader.findClass(BundleLoader.java:421)
	at org.eclipse.osgi.internal.loader.BundleLoader.findClass(BundleLoader.java:412)
	at org.eclipse.osgi.internal.baseadaptor.DefaultClassLoader.loadClass(DefaultClassLoader.java:107)
	at java.lang.ClassLoader.loadClass(ClassLoader.java:357)
	... 52 more
2017-01-23 12:51:06,856 - Trying to use logger class org.apache.velocity.runtime.log.Log4JLogChute
2017-01-23 12:51:06,856 - Using logger class org.apache.velocity.runtime.log.Log4JLogChute
2017-01-23 12:51:06,856 - Default ResourceManager initializing. (class org.apache.velocity.runtime.resource.ResourceManagerImpl)
2017-01-23 12:51:06,872 - ResourceLoader instantiated: org.apache.velocity.runtime.resource.loader.ClasspathResourceLoader
2017-01-23 12:51:06,872 - ResourceCache: initialized (class org.apache.velocity.runtime.resource.ResourceCacheImpl)
2017-01-23 12:51:06,872 - Loaded System Directive: org.apache.velocity.runtime.directive.Literal
2017-01-23 12:51:06,872 - Loaded System Directive: org.apache.velocity.runtime.directive.Macro
2017-01-23 12:51:06,872 - Loaded System Directive: org.apache.velocity.runtime.directive.Parse
2017-01-23 12:51:06,872 - Loaded System Directive: org.apache.velocity.runtime.directive.Include
2017-01-23 12:51:06,872 - Loaded System Directive: org.apache.velocity.runtime.directive.Foreach
2017-01-23 12:51:06,888 - Created '20' parsers.
2017-01-23 12:51:06,888 - Velocimacro : "velocimacro.library" is not set.  Trying default library: VM_global_library.vm
2017-01-23 12:51:06,935 - Velocimacro : Default library not found.
2017-01-23 12:51:06,935 - Velocimacro : allowInline = true : VMs can be defined inline in templates
2017-01-23 12:51:06,935 - Velocimacro : allowInlineToOverride = false : VMs defined inline may NOT replace previous VM definitions
2017-01-23 12:51:06,935 - Velocimacro : allowInlineLocal = false : VMs defined inline will be global in scope if allowed.
2017-01-23 12:51:06,935 - Velocimacro : autoload off : VM system will not automatically reload global library macros
2017-01-23 12:51:45,755 - ResourceManager : found tpjsmiddlewareerror.vm with loader org.apache.velocity.runtime.resource.loader.ClasspathResourceLoader
2017-01-23 12:51:45,755 - ResourceManager : found tpjssessionerror.vm with loader org.apache.velocity.runtime.resource.loader.ClasspathResourceLoader
2017-01-23 12:51:45,755 - ResourceManager : found tpjsapperror.vm with loader org.apache.velocity.runtime.resource.loader.ClasspathResourceLoader
2017-01-23 12:51:45,770 - ResourceManager : found tpjsmiddlewareinvoker.vm with loader org.apache.velocity.runtime.resource.loader.ClasspathResourceLoader
2017-01-23 12:51:45,770 - Left side ($palmpre) of '==' operation has null value. If a reference, it may not be in the context. Operation not possible. tpjsmiddlewareinvoker.vm [line 93, column 20]
2017-01-23 12:51:45,770 - Left side ($palmpre) of '==' operation has null value. If a reference, it may not be in the context. Operation not possible. tpjsmiddlewareinvoker.vm [line 172, column 20]
2017-01-23 12:51:45,770 - Left side ($palmpre) of '==' operation has null value. If a reference, it may not be in the context. Operation not possible. tpjsmiddlewareinvoker.vm [line 255, column 20]
2017-01-23 12:51:45,770 - Left side ($palmpre) of '==' operation has null value. If a reference, it may not be in the context. Operation not possible. tpjsmiddlewareinvoker.vm [line 326, column 20]
2017-01-23 12:51:45,770 - Left side ($palmpre) of '==' operation has null value. If a reference, it may not be in the context. Operation not possible. tpjsmiddlewareinvoker.vm [line 395, column 20]
2017-01-23 12:51:45,786 - ResourceManager : found tpjscallfunc.vm with loader org.apache.velocity.runtime.resource.loader.ClasspathResourceLoader
2017-01-23 12:51:45,817 - ResourceManager : found tpjsstartup.vm with loader org.apache.velocity.runtime.resource.loader.ClasspathResourceLoader
2017-01-23 12:51:45,833 - ResourceManager : found tpjshybridstartupforspa.vm with loader org.apache.velocity.runtime.resource.loader.ClasspathResourceLoader
2017-01-23 12:51:45,864 - ResourceManager : found tpjswinmobilesequencecontainerglobals.vm with loader org.apache.velocity.runtime.resource.loader.ClasspathResourceLoader
2017-01-23 12:51:45,864 - ResourceManager : found tpjswinmobilesequence.vm with loader org.apache.velocity.runtime.resource.loader.ClasspathResourceLoader
2017-01-23 12:51:45,880 - ResourceManager : found tpjsappconfigfortc.vm with loader org.apache.velocity.runtime.resource.loader.ClasspathResourceLoader
2017-01-23 12:51:45,880 - ResourceManager : found customizederrorjsptemplate.vm with loader org.apache.velocity.runtime.resource.loader.ClasspathResourceLoader
2017-01-23 12:51:45,880 - ResourceManager : found tpspabasetemplateforjs.vm with loader org.apache.velocity.runtime.resource.loader.ClasspathResourceLoader
2017-01-23 12:51:45,880 - ResourceManager : found tpjsformglobalsforbb10.vm with loader org.apache.velocity.runtime.resource.loader.ClasspathResourceLoader
2017-01-23 12:59:16,333 - Log4JLogChute initialized using file 'velocity.log'
2017-01-23 12:59:16,333 - Starting Apache Velocity v1.5 (compiled: 2007-02-22 08:52:29)
2017-01-23 12:59:16,333 - Default Properties File: org\apache\velocity\runtime\defaults\velocity.properties
2017-01-23 12:59:16,333 - Trying to use logger class org.apache.velocity.runtime.log.AvalonLogChute
2017-01-23 12:59:16,333 - Couldn't find class org.apache.velocity.runtime.log.AvalonLogChute or necessary supporting classes in classpath.
java.lang.NoClassDefFoundError: org/apache/log/format/Formatter
	at java.lang.Class.forName0(Native Method)
	at java.lang.Class.forName(Class.java:348)
	at org.apache.velocity.util.ClassUtils.getClass(ClassUtils.java:63)
	at org.apache.velocity.util.ClassUtils.getNewInstance(ClassUtils.java:95)
	at org.apache.velocity.runtime.log.LogManager.createLogChute(LogManager.java:147)
	at org.apache.velocity.runtime.log.LogManager.updateLog(LogManager.java:208)
	at org.apache.velocity.runtime.RuntimeInstance.initializeLog(RuntimeInstance.java:728)
	at org.apache.velocity.runtime.RuntimeInstance.init(RuntimeInstance.java:240)
	at org.apache.velocity.runtime.RuntimeInstance.init(RuntimeInstance.java:534)
	at org.apache.velocity.runtime.RuntimeSingleton.init(RuntimeSingleton.java:227)
	at org.apache.velocity.app.Velocity.init(Velocity.java:111)
	at com.kony.tool.templateprovider.VelocityTemplateProvider.<clinit>(VelocityTemplateProvider.java:53)
	at com.pat.tool.keditor.KEditorPlugin.init(KEditorPlugin.java:896)
	at com.pat.tool.keditor.KEditorPlugin.start(KEditorPlugin.java:593)
	at org.eclipse.osgi.framework.internal.core.BundleContextImpl$1.run(BundleContextImpl.java:711)
	at java.security.AccessController.doPrivileged(Native Method)
	at org.eclipse.osgi.framework.internal.core.BundleContextImpl.startActivator(BundleContextImpl.java:702)
	at org.eclipse.osgi.framework.internal.core.BundleContextImpl.start(BundleContextImpl.java:683)
	at org.eclipse.osgi.framework.internal.core.BundleHost.startWorker(BundleHost.java:381)
	at org.eclipse.osgi.framework.internal.core.AbstractBundle.start(AbstractBundle.java:300)
	at org.eclipse.osgi.framework.util.SecureAction.start(SecureAction.java:478)
	at org.eclipse.osgi.internal.loader.BundleLoader.setLazyTrigger(BundleLoader.java:263)
	at org.eclipse.core.runtime.internal.adaptor.EclipseLazyStarter.postFindLocalClass(EclipseLazyStarter.java:109)
	at org.eclipse.osgi.baseadaptor.loader.ClasspathManager.findLocalClass(ClasspathManager.java:469)
	at org.eclipse.osgi.internal.baseadaptor.DefaultClassLoader.findLocalClass(DefaultClassLoader.java:216)
	at org.eclipse.osgi.internal.loader.BundleLoader.findLocalClass(BundleLoader.java:395)
	at org.eclipse.osgi.internal.loader.BundleLoader.findClassInternal(BundleLoader.java:464)
	at org.eclipse.osgi.internal.loader.BundleLoader.findClass(BundleLoader.java:421)
	at org.eclipse.osgi.internal.loader.BundleLoader.findClass(BundleLoader.java:412)
	at org.eclipse.osgi.internal.baseadaptor.DefaultClassLoader.loadClass(DefaultClassLoader.java:107)
	at java.lang.ClassLoader.loadClass(ClassLoader.java:357)
	at org.eclipse.osgi.internal.loader.BundleLoader.loadClass(BundleLoader.java:340)
	at org.eclipse.osgi.framework.internal.core.BundleHost.loadClass(BundleHost.java:229)
	at org.eclipse.osgi.framework.internal.core.AbstractBundle.loadClass(AbstractBundle.java:1212)
	at org.eclipse.core.internal.registry.osgi.RegistryStrategyOSGI.createExecutableExtension(RegistryStrategyOSGI.java:174)
	at org.eclipse.core.internal.registry.ExtensionRegistry.createExecutableExtension(ExtensionRegistry.java:905)
	at org.eclipse.core.internal.registry.ConfigurationElement.createExecutableExtension(ConfigurationElement.java:243)
	at org.eclipse.core.internal.registry.ConfigurationElementHandle.createExecutableExtension(ConfigurationElementHandle.java:55)
	at org.eclipse.equinox.internal.app.EclipseAppHandle.run(EclipseAppHandle.java:191)
	at org.eclipse.core.runtime.internal.adaptor.EclipseAppLauncher.runApplication(EclipseAppLauncher.java:110)
	at org.eclipse.core.runtime.internal.adaptor.EclipseAppLauncher.start(EclipseAppLauncher.java:79)
	at org.eclipse.core.runtime.adaptor.EclipseStarter.run(EclipseStarter.java:354)
	at org.eclipse.core.runtime.adaptor.EclipseStarter.run(EclipseStarter.java:181)
	at sun.reflect.NativeMethodAccessorImpl.invoke0(Native Method)
	at sun.reflect.NativeMethodAccessorImpl.invoke(NativeMethodAccessorImpl.java:62)
	at sun.reflect.DelegatingMethodAccessorImpl.invoke(DelegatingMethodAccessorImpl.java:43)
	at java.lang.reflect.Method.invoke(Method.java:498)
	at org.eclipse.equinox.launcher.Main.invokeFramework(Main.java:636)
	at org.eclipse.equinox.launcher.Main.basicRun(Main.java:591)
	at org.eclipse.equinox.launcher.Main.run(Main.java:1450)
	at org.eclipse.equinox.launcher.Main.main(Main.java:1426)
	at org.eclipse.core.launcher.Main.main(Main.java:34)
Caused by: java.lang.ClassNotFoundException: org.apache.log.format.Formatter cannot be found by com.kony.thirdparty.jars_7.2.1.GA_v201612131741
	at org.eclipse.osgi.internal.loader.BundleLoader.findClassInternal(BundleLoader.java:501)
	at org.eclipse.osgi.internal.loader.BundleLoader.findClass(BundleLoader.java:421)
	at org.eclipse.osgi.internal.loader.BundleLoader.findClass(BundleLoader.java:412)
	at org.eclipse.osgi.internal.baseadaptor.DefaultClassLoader.loadClass(DefaultClassLoader.java:107)
	at java.lang.ClassLoader.loadClass(ClassLoader.java:357)
	... 52 more
2017-01-23 12:59:16,333 - Trying to use logger class org.apache.velocity.runtime.log.Log4JLogChute
2017-01-23 12:59:16,333 - Using logger class org.apache.velocity.runtime.log.Log4JLogChute
2017-01-23 12:59:16,333 - Default ResourceManager initializing. (class org.apache.velocity.runtime.resource.ResourceManagerImpl)
2017-01-23 12:59:16,333 - ResourceLoader instantiated: org.apache.velocity.runtime.resource.loader.ClasspathResourceLoader
2017-01-23 12:59:16,348 - ResourceCache: initialized (class org.apache.velocity.runtime.resource.ResourceCacheImpl)
2017-01-23 12:59:16,348 - Loaded System Directive: org.apache.velocity.runtime.directive.Literal
2017-01-23 12:59:16,348 - Loaded System Directive: org.apache.velocity.runtime.directive.Macro
2017-01-23 12:59:16,348 - Loaded System Directive: org.apache.velocity.runtime.directive.Parse
2017-01-23 12:59:16,348 - Loaded System Directive: org.apache.velocity.runtime.directive.Include
2017-01-23 12:59:16,348 - Loaded System Directive: org.apache.velocity.runtime.directive.Foreach
2017-01-23 12:59:16,364 - Created '20' parsers.
2017-01-23 12:59:16,364 - Velocimacro : "velocimacro.library" is not set.  Trying default library: VM_global_library.vm
2017-01-23 12:59:16,411 - Velocimacro : Default library not found.
2017-01-23 12:59:16,411 - Velocimacro : allowInline = true : VMs can be defined inline in templates
2017-01-23 12:59:16,411 - Velocimacro : allowInlineToOverride = false : VMs defined inline may NOT replace previous VM definitions
2017-01-23 12:59:16,411 - Velocimacro : allowInlineLocal = false : VMs defined inline will be global in scope if allowed.
2017-01-23 12:59:16,411 - Velocimacro : autoload off : VM system will not automatically reload global library macros
2017-01-23 12:59:53,063 - ResourceManager : found tpjsmiddlewareerror.vm with loader org.apache.velocity.runtime.resource.loader.ClasspathResourceLoader
2017-01-23 12:59:53,063 - ResourceManager : found tpjssessionerror.vm with loader org.apache.velocity.runtime.resource.loader.ClasspathResourceLoader
2017-01-23 12:59:53,063 - ResourceManager : found tpjsapperror.vm with loader org.apache.velocity.runtime.resource.loader.ClasspathResourceLoader
2017-01-23 12:59:53,079 - ResourceManager : found tpjsmiddlewareinvoker.vm with loader org.apache.velocity.runtime.resource.loader.ClasspathResourceLoader
2017-01-23 12:59:53,079 - Left side ($palmpre) of '==' operation has null value. If a reference, it may not be in the context. Operation not possible. tpjsmiddlewareinvoker.vm [line 93, column 20]
2017-01-23 12:59:53,079 - Left side ($palmpre) of '==' operation has null value. If a reference, it may not be in the context. Operation not possible. tpjsmiddlewareinvoker.vm [line 172, column 20]
2017-01-23 12:59:53,079 - Left side ($palmpre) of '==' operation has null value. If a reference, it may not be in the context. Operation not possible. tpjsmiddlewareinvoker.vm [line 255, column 20]
2017-01-23 12:59:53,079 - Left side ($palmpre) of '==' operation has null value. If a reference, it may not be in the context. Operation not possible. tpjsmiddlewareinvoker.vm [line 326, column 20]
2017-01-23 12:59:53,079 - Left side ($palmpre) of '==' operation has null value. If a reference, it may not be in the context. Operation not possible. tpjsmiddlewareinvoker.vm [line 395, column 20]
2017-01-23 12:59:53,079 - ResourceManager : found tpjscallfunc.vm with loader org.apache.velocity.runtime.resource.loader.ClasspathResourceLoader
2017-01-23 12:59:53,126 - ResourceManager : found tpjsstartup.vm with loader org.apache.velocity.runtime.resource.loader.ClasspathResourceLoader
2017-01-23 12:59:53,141 - ResourceManager : found tpjshybridstartupforspa.vm with loader org.apache.velocity.runtime.resource.loader.ClasspathResourceLoader
2017-01-23 12:59:53,157 - ResourceManager : found tpjswinmobilesequencecontainerglobals.vm with loader org.apache.velocity.runtime.resource.loader.ClasspathResourceLoader
2017-01-23 12:59:53,157 - ResourceManager : found tpjswinmobilesequence.vm with loader org.apache.velocity.runtime.resource.loader.ClasspathResourceLoader
2017-01-23 12:59:53,173 - ResourceManager : found tpjsappconfigfortc.vm with loader org.apache.velocity.runtime.resource.loader.ClasspathResourceLoader
2017-01-23 12:59:53,173 - ResourceManager : found customizederrorjsptemplate.vm with loader org.apache.velocity.runtime.resource.loader.ClasspathResourceLoader
2017-01-23 12:59:53,173 - ResourceManager : found tpspabasetemplateforjs.vm with loader org.apache.velocity.runtime.resource.loader.ClasspathResourceLoader
2017-01-23 12:59:53,173 - ResourceManager : found tpjsformglobalsforbb10.vm with loader org.apache.velocity.runtime.resource.loader.ClasspathResourceLoader
2017-01-23 14:44:12,075 - Log4JLogChute initialized using file 'velocity.log'
2017-01-23 14:44:12,090 - Starting Apache Velocity v1.5 (compiled: 2007-02-22 08:52:29)
2017-01-23 14:44:12,090 - Default Properties File: org\apache\velocity\runtime\defaults\velocity.properties
2017-01-23 14:44:12,090 - Trying to use logger class org.apache.velocity.runtime.log.AvalonLogChute
2017-01-23 14:44:12,090 - Couldn't find class org.apache.velocity.runtime.log.AvalonLogChute or necessary supporting classes in classpath.
java.lang.NoClassDefFoundError: org/apache/log/format/Formatter
	at java.lang.Class.forName0(Native Method)
	at java.lang.Class.forName(Class.java:348)
	at org.apache.velocity.util.ClassUtils.getClass(ClassUtils.java:63)
	at org.apache.velocity.util.ClassUtils.getNewInstance(ClassUtils.java:95)
	at org.apache.velocity.runtime.log.LogManager.createLogChute(LogManager.java:147)
	at org.apache.velocity.runtime.log.LogManager.updateLog(LogManager.java:208)
	at org.apache.velocity.runtime.RuntimeInstance.initializeLog(RuntimeInstance.java:728)
	at org.apache.velocity.runtime.RuntimeInstance.init(RuntimeInstance.java:240)
	at org.apache.velocity.runtime.RuntimeInstance.init(RuntimeInstance.java:534)
	at org.apache.velocity.runtime.RuntimeSingleton.init(RuntimeSingleton.java:227)
	at org.apache.velocity.app.Velocity.init(Velocity.java:111)
	at com.kony.tool.templateprovider.VelocityTemplateProvider.<clinit>(VelocityTemplateProvider.java:53)
	at com.pat.tool.keditor.KEditorPlugin.init(KEditorPlugin.java:896)
	at com.pat.tool.keditor.KEditorPlugin.start(KEditorPlugin.java:593)
	at org.eclipse.osgi.framework.internal.core.BundleContextImpl$1.run(BundleContextImpl.java:711)
	at java.security.AccessController.doPrivileged(Native Method)
	at org.eclipse.osgi.framework.internal.core.BundleContextImpl.startActivator(BundleContextImpl.java:702)
	at org.eclipse.osgi.framework.internal.core.BundleContextImpl.start(BundleContextImpl.java:683)
	at org.eclipse.osgi.framework.internal.core.BundleHost.startWorker(BundleHost.java:381)
	at org.eclipse.osgi.framework.internal.core.AbstractBundle.start(AbstractBundle.java:300)
	at org.eclipse.osgi.framework.util.SecureAction.start(SecureAction.java:478)
	at org.eclipse.osgi.internal.loader.BundleLoader.setLazyTrigger(BundleLoader.java:263)
	at org.eclipse.core.runtime.internal.adaptor.EclipseLazyStarter.postFindLocalClass(EclipseLazyStarter.java:109)
	at org.eclipse.osgi.baseadaptor.loader.ClasspathManager.findLocalClass(ClasspathManager.java:469)
	at org.eclipse.osgi.internal.baseadaptor.DefaultClassLoader.findLocalClass(DefaultClassLoader.java:216)
	at org.eclipse.osgi.internal.loader.BundleLoader.findLocalClass(BundleLoader.java:395)
	at org.eclipse.osgi.internal.loader.BundleLoader.findClassInternal(BundleLoader.java:464)
	at org.eclipse.osgi.internal.loader.BundleLoader.findClass(BundleLoader.java:421)
	at org.eclipse.osgi.internal.loader.BundleLoader.findClass(BundleLoader.java:412)
	at org.eclipse.osgi.internal.baseadaptor.DefaultClassLoader.loadClass(DefaultClassLoader.java:107)
	at java.lang.ClassLoader.loadClass(ClassLoader.java:357)
	at org.eclipse.osgi.internal.loader.BundleLoader.loadClass(BundleLoader.java:340)
	at org.eclipse.osgi.framework.internal.core.BundleHost.loadClass(BundleHost.java:229)
	at org.eclipse.osgi.framework.internal.core.AbstractBundle.loadClass(AbstractBundle.java:1212)
	at org.eclipse.core.internal.registry.osgi.RegistryStrategyOSGI.createExecutableExtension(RegistryStrategyOSGI.java:174)
	at org.eclipse.core.internal.registry.ExtensionRegistry.createExecutableExtension(ExtensionRegistry.java:905)
	at org.eclipse.core.internal.registry.ConfigurationElement.createExecutableExtension(ConfigurationElement.java:243)
	at org.eclipse.core.internal.registry.ConfigurationElementHandle.createExecutableExtension(ConfigurationElementHandle.java:55)
	at org.eclipse.equinox.internal.app.EclipseAppHandle.run(EclipseAppHandle.java:191)
	at org.eclipse.core.runtime.internal.adaptor.EclipseAppLauncher.runApplication(EclipseAppLauncher.java:110)
	at org.eclipse.core.runtime.internal.adaptor.EclipseAppLauncher.start(EclipseAppLauncher.java:79)
	at org.eclipse.core.runtime.adaptor.EclipseStarter.run(EclipseStarter.java:354)
	at org.eclipse.core.runtime.adaptor.EclipseStarter.run(EclipseStarter.java:181)
	at sun.reflect.NativeMethodAccessorImpl.invoke0(Native Method)
	at sun.reflect.NativeMethodAccessorImpl.invoke(NativeMethodAccessorImpl.java:62)
	at sun.reflect.DelegatingMethodAccessorImpl.invoke(DelegatingMethodAccessorImpl.java:43)
	at java.lang.reflect.Method.invoke(Method.java:498)
	at org.eclipse.equinox.launcher.Main.invokeFramework(Main.java:636)
	at org.eclipse.equinox.launcher.Main.basicRun(Main.java:591)
	at org.eclipse.equinox.launcher.Main.run(Main.java:1450)
	at org.eclipse.equinox.launcher.Main.main(Main.java:1426)
	at org.eclipse.core.launcher.Main.main(Main.java:34)
Caused by: java.lang.ClassNotFoundException: org.apache.log.format.Formatter cannot be found by com.kony.thirdparty.jars_7.2.1.GA_v201612131741
	at org.eclipse.osgi.internal.loader.BundleLoader.findClassInternal(BundleLoader.java:501)
	at org.eclipse.osgi.internal.loader.BundleLoader.findClass(BundleLoader.java:421)
	at org.eclipse.osgi.internal.loader.BundleLoader.findClass(BundleLoader.java:412)
	at org.eclipse.osgi.internal.baseadaptor.DefaultClassLoader.loadClass(DefaultClassLoader.java:107)
	at java.lang.ClassLoader.loadClass(ClassLoader.java:357)
	... 52 more
2017-01-23 14:44:12,090 - Trying to use logger class org.apache.velocity.runtime.log.Log4JLogChute
2017-01-23 14:44:12,090 - Using logger class org.apache.velocity.runtime.log.Log4JLogChute
2017-01-23 14:44:12,090 - Default ResourceManager initializing. (class org.apache.velocity.runtime.resource.ResourceManagerImpl)
2017-01-23 14:44:12,106 - ResourceLoader instantiated: org.apache.velocity.runtime.resource.loader.ClasspathResourceLoader
2017-01-23 14:44:12,106 - ResourceCache: initialized (class org.apache.velocity.runtime.resource.ResourceCacheImpl)
2017-01-23 14:44:12,106 - Loaded System Directive: org.apache.velocity.runtime.directive.Literal
2017-01-23 14:44:12,106 - Loaded System Directive: org.apache.velocity.runtime.directive.Macro
2017-01-23 14:44:12,106 - Loaded System Directive: org.apache.velocity.runtime.directive.Parse
2017-01-23 14:44:12,106 - Loaded System Directive: org.apache.velocity.runtime.directive.Include
2017-01-23 14:44:12,106 - Loaded System Directive: org.apache.velocity.runtime.directive.Foreach
2017-01-23 14:44:12,121 - Created '20' parsers.
2017-01-23 14:44:12,121 - Velocimacro : "velocimacro.library" is not set.  Trying default library: VM_global_library.vm
2017-01-23 14:44:12,168 - Velocimacro : Default library not found.
2017-01-23 14:44:12,168 - Velocimacro : allowInline = true : VMs can be defined inline in templates
2017-01-23 14:44:12,168 - Velocimacro : allowInlineToOverride = false : VMs defined inline may NOT replace previous VM definitions
2017-01-23 14:44:12,168 - Velocimacro : allowInlineLocal = false : VMs defined inline will be global in scope if allowed.
2017-01-23 14:44:12,168 - Velocimacro : autoload off : VM system will not automatically reload global library macros
2017-01-23 14:44:53,678 - ResourceManager : found tpjsmiddlewareerror.vm with loader org.apache.velocity.runtime.resource.loader.ClasspathResourceLoader
2017-01-23 14:44:53,679 - ResourceManager : found tpjssessionerror.vm with loader org.apache.velocity.runtime.resource.loader.ClasspathResourceLoader
2017-01-23 14:44:53,679 - ResourceManager : found tpjsapperror.vm with loader org.apache.velocity.runtime.resource.loader.ClasspathResourceLoader
2017-01-23 14:44:53,698 - ResourceManager : found tpjsmiddlewareinvoker.vm with loader org.apache.velocity.runtime.resource.loader.ClasspathResourceLoader
2017-01-23 14:44:53,699 - Left side ($palmpre) of '==' operation has null value. If a reference, it may not be in the context. Operation not possible. tpjsmiddlewareinvoker.vm [line 93, column 20]
2017-01-23 14:44:53,699 - Left side ($palmpre) of '==' operation has null value. If a reference, it may not be in the context. Operation not possible. tpjsmiddlewareinvoker.vm [line 172, column 20]
2017-01-23 14:44:53,699 - Left side ($palmpre) of '==' operation has null value. If a reference, it may not be in the context. Operation not possible. tpjsmiddlewareinvoker.vm [line 255, column 20]
2017-01-23 14:44:53,699 - Left side ($palmpre) of '==' operation has null value. If a reference, it may not be in the context. Operation not possible. tpjsmiddlewareinvoker.vm [line 326, column 20]
2017-01-23 14:44:53,699 - Left side ($palmpre) of '==' operation has null value. If a reference, it may not be in the context. Operation not possible. tpjsmiddlewareinvoker.vm [line 395, column 20]
2017-01-23 14:44:53,699 - ResourceManager : found tpjscallfunc.vm with loader org.apache.velocity.runtime.resource.loader.ClasspathResourceLoader
2017-01-23 14:44:53,730 - ResourceManager : found tpjsstartup.vm with loader org.apache.velocity.runtime.resource.loader.ClasspathResourceLoader
2017-01-23 14:44:53,746 - ResourceManager : found tpjshybridstartupforspa.vm with loader org.apache.velocity.runtime.resource.loader.ClasspathResourceLoader
2017-01-23 14:44:53,762 - ResourceManager : found tpjswinmobilesequencecontainerglobals.vm with loader org.apache.velocity.runtime.resource.loader.ClasspathResourceLoader
2017-01-23 14:44:53,762 - ResourceManager : found tpjswinmobilesequence.vm with loader org.apache.velocity.runtime.resource.loader.ClasspathResourceLoader
2017-01-23 14:44:53,777 - ResourceManager : found tpjsappconfigfortc.vm with loader org.apache.velocity.runtime.resource.loader.ClasspathResourceLoader
2017-01-23 14:44:53,777 - ResourceManager : found customizederrorjsptemplate.vm with loader org.apache.velocity.runtime.resource.loader.ClasspathResourceLoader
2017-01-23 14:44:53,777 - ResourceManager : found tpspabasetemplateforjs.vm with loader org.apache.velocity.runtime.resource.loader.ClasspathResourceLoader
2017-01-23 14:44:53,777 - ResourceManager : found tpjsformglobalsforbb10.vm with loader org.apache.velocity.runtime.resource.loader.ClasspathResourceLoader
2017-01-23 15:24:38,186 - Log4JLogChute initialized using file 'velocity.log'
2017-01-23 15:24:38,186 - Starting Apache Velocity v1.5 (compiled: 2007-02-22 08:52:29)
2017-01-23 15:24:38,186 - Default Properties File: org\apache\velocity\runtime\defaults\velocity.properties
2017-01-23 15:24:38,186 - Trying to use logger class org.apache.velocity.runtime.log.AvalonLogChute
2017-01-23 15:24:38,186 - Couldn't find class org.apache.velocity.runtime.log.AvalonLogChute or necessary supporting classes in classpath.
java.lang.NoClassDefFoundError: org/apache/log/format/Formatter
	at java.lang.Class.forName0(Native Method)
	at java.lang.Class.forName(Class.java:348)
	at org.apache.velocity.util.ClassUtils.getClass(ClassUtils.java:63)
	at org.apache.velocity.util.ClassUtils.getNewInstance(ClassUtils.java:95)
	at org.apache.velocity.runtime.log.LogManager.createLogChute(LogManager.java:147)
	at org.apache.velocity.runtime.log.LogManager.updateLog(LogManager.java:208)
	at org.apache.velocity.runtime.RuntimeInstance.initializeLog(RuntimeInstance.java:728)
	at org.apache.velocity.runtime.RuntimeInstance.init(RuntimeInstance.java:240)
	at org.apache.velocity.runtime.RuntimeInstance.init(RuntimeInstance.java:534)
	at org.apache.velocity.runtime.RuntimeSingleton.init(RuntimeSingleton.java:227)
	at org.apache.velocity.app.Velocity.init(Velocity.java:111)
	at com.kony.tool.templateprovider.VelocityTemplateProvider.<clinit>(VelocityTemplateProvider.java:53)
	at com.pat.tool.keditor.KEditorPlugin.init(KEditorPlugin.java:896)
	at com.pat.tool.keditor.KEditorPlugin.start(KEditorPlugin.java:593)
	at org.eclipse.osgi.framework.internal.core.BundleContextImpl$1.run(BundleContextImpl.java:711)
	at java.security.AccessController.doPrivileged(Native Method)
	at org.eclipse.osgi.framework.internal.core.BundleContextImpl.startActivator(BundleContextImpl.java:702)
	at org.eclipse.osgi.framework.internal.core.BundleContextImpl.start(BundleContextImpl.java:683)
	at org.eclipse.osgi.framework.internal.core.BundleHost.startWorker(BundleHost.java:381)
	at org.eclipse.osgi.framework.internal.core.AbstractBundle.start(AbstractBundle.java:300)
	at org.eclipse.osgi.framework.util.SecureAction.start(SecureAction.java:478)
	at org.eclipse.osgi.internal.loader.BundleLoader.setLazyTrigger(BundleLoader.java:263)
	at org.eclipse.core.runtime.internal.adaptor.EclipseLazyStarter.postFindLocalClass(EclipseLazyStarter.java:109)
	at org.eclipse.osgi.baseadaptor.loader.ClasspathManager.findLocalClass(ClasspathManager.java:469)
	at org.eclipse.osgi.internal.baseadaptor.DefaultClassLoader.findLocalClass(DefaultClassLoader.java:216)
	at org.eclipse.osgi.internal.loader.BundleLoader.findLocalClass(BundleLoader.java:395)
	at org.eclipse.osgi.internal.loader.BundleLoader.findClassInternal(BundleLoader.java:464)
	at org.eclipse.osgi.internal.loader.BundleLoader.findClass(BundleLoader.java:421)
	at org.eclipse.osgi.internal.loader.BundleLoader.findClass(BundleLoader.java:412)
	at org.eclipse.osgi.internal.baseadaptor.DefaultClassLoader.loadClass(DefaultClassLoader.java:107)
	at java.lang.ClassLoader.loadClass(ClassLoader.java:357)
	at org.eclipse.osgi.internal.loader.BundleLoader.loadClass(BundleLoader.java:340)
	at org.eclipse.osgi.framework.internal.core.BundleHost.loadClass(BundleHost.java:229)
	at org.eclipse.osgi.framework.internal.core.AbstractBundle.loadClass(AbstractBundle.java:1212)
	at org.eclipse.core.internal.registry.osgi.RegistryStrategyOSGI.createExecutableExtension(RegistryStrategyOSGI.java:174)
	at org.eclipse.core.internal.registry.ExtensionRegistry.createExecutableExtension(ExtensionRegistry.java:905)
	at org.eclipse.core.internal.registry.ConfigurationElement.createExecutableExtension(ConfigurationElement.java:243)
	at org.eclipse.core.internal.registry.ConfigurationElementHandle.createExecutableExtension(ConfigurationElementHandle.java:55)
	at org.eclipse.equinox.internal.app.EclipseAppHandle.run(EclipseAppHandle.java:191)
	at org.eclipse.core.runtime.internal.adaptor.EclipseAppLauncher.runApplication(EclipseAppLauncher.java:110)
	at org.eclipse.core.runtime.internal.adaptor.EclipseAppLauncher.start(EclipseAppLauncher.java:79)
	at org.eclipse.core.runtime.adaptor.EclipseStarter.run(EclipseStarter.java:354)
	at org.eclipse.core.runtime.adaptor.EclipseStarter.run(EclipseStarter.java:181)
	at sun.reflect.NativeMethodAccessorImpl.invoke0(Native Method)
	at sun.reflect.NativeMethodAccessorImpl.invoke(NativeMethodAccessorImpl.java:62)
	at sun.reflect.DelegatingMethodAccessorImpl.invoke(DelegatingMethodAccessorImpl.java:43)
	at java.lang.reflect.Method.invoke(Method.java:498)
	at org.eclipse.equinox.launcher.Main.invokeFramework(Main.java:636)
	at org.eclipse.equinox.launcher.Main.basicRun(Main.java:591)
	at org.eclipse.equinox.launcher.Main.run(Main.java:1450)
	at org.eclipse.equinox.launcher.Main.main(Main.java:1426)
	at org.eclipse.core.launcher.Main.main(Main.java:34)
Caused by: java.lang.ClassNotFoundException: org.apache.log.format.Formatter cannot be found by com.kony.thirdparty.jars_7.2.1.GA_v201612131741
	at org.eclipse.osgi.internal.loader.BundleLoader.findClassInternal(BundleLoader.java:501)
	at org.eclipse.osgi.internal.loader.BundleLoader.findClass(BundleLoader.java:421)
	at org.eclipse.osgi.internal.loader.BundleLoader.findClass(BundleLoader.java:412)
	at org.eclipse.osgi.internal.baseadaptor.DefaultClassLoader.loadClass(DefaultClassLoader.java:107)
	at java.lang.ClassLoader.loadClass(ClassLoader.java:357)
	... 52 more
2017-01-23 15:24:38,186 - Trying to use logger class org.apache.velocity.runtime.log.Log4JLogChute
2017-01-23 15:24:38,186 - Using logger class org.apache.velocity.runtime.log.Log4JLogChute
2017-01-23 15:24:38,201 - Default ResourceManager initializing. (class org.apache.velocity.runtime.resource.ResourceManagerImpl)
2017-01-23 15:24:38,201 - ResourceLoader instantiated: org.apache.velocity.runtime.resource.loader.ClasspathResourceLoader
2017-01-23 15:24:38,201 - ResourceCache: initialized (class org.apache.velocity.runtime.resource.ResourceCacheImpl)
2017-01-23 15:24:38,201 - Loaded System Directive: org.apache.velocity.runtime.directive.Literal
2017-01-23 15:24:38,201 - Loaded System Directive: org.apache.velocity.runtime.directive.Macro
2017-01-23 15:24:38,201 - Loaded System Directive: org.apache.velocity.runtime.directive.Parse
2017-01-23 15:24:38,201 - Loaded System Directive: org.apache.velocity.runtime.directive.Include
2017-01-23 15:24:38,201 - Loaded System Directive: org.apache.velocity.runtime.directive.Foreach
2017-01-23 15:24:38,231 - Created '20' parsers.
2017-01-23 15:24:38,234 - Velocimacro : "velocimacro.library" is not set.  Trying default library: VM_global_library.vm
2017-01-23 15:24:38,282 - Velocimacro : Default library not found.
2017-01-23 15:24:38,282 - Velocimacro : allowInline = true : VMs can be defined inline in templates
2017-01-23 15:24:38,282 - Velocimacro : allowInlineToOverride = false : VMs defined inline may NOT replace previous VM definitions
2017-01-23 15:24:38,282 - Velocimacro : allowInlineLocal = false : VMs defined inline will be global in scope if allowed.
2017-01-23 15:24:38,282 - Velocimacro : autoload off : VM system will not automatically reload global library macros
2017-01-23 15:25:15,845 - ResourceManager : found tpjsmiddlewareerror.vm with loader org.apache.velocity.runtime.resource.loader.ClasspathResourceLoader
2017-01-23 15:25:15,845 - ResourceManager : found tpjssessionerror.vm with loader org.apache.velocity.runtime.resource.loader.ClasspathResourceLoader
2017-01-23 15:25:15,845 - ResourceManager : found tpjsapperror.vm with loader org.apache.velocity.runtime.resource.loader.ClasspathResourceLoader
2017-01-23 15:25:15,860 - ResourceManager : found tpjsmiddlewareinvoker.vm with loader org.apache.velocity.runtime.resource.loader.ClasspathResourceLoader
2017-01-23 15:25:15,860 - Left side ($palmpre) of '==' operation has null value. If a reference, it may not be in the context. Operation not possible. tpjsmiddlewareinvoker.vm [line 93, column 20]
2017-01-23 15:25:15,860 - Left side ($palmpre) of '==' operation has null value. If a reference, it may not be in the context. Operation not possible. tpjsmiddlewareinvoker.vm [line 172, column 20]
2017-01-23 15:25:15,860 - Left side ($palmpre) of '==' operation has null value. If a reference, it may not be in the context. Operation not possible. tpjsmiddlewareinvoker.vm [line 255, column 20]
2017-01-23 15:25:15,860 - Left side ($palmpre) of '==' operation has null value. If a reference, it may not be in the context. Operation not possible. tpjsmiddlewareinvoker.vm [line 326, column 20]
2017-01-23 15:25:15,860 - Left side ($palmpre) of '==' operation has null value. If a reference, it may not be in the context. Operation not possible. tpjsmiddlewareinvoker.vm [line 395, column 20]
2017-01-23 15:25:15,860 - ResourceManager : found tpjscallfunc.vm with loader org.apache.velocity.runtime.resource.loader.ClasspathResourceLoader
2017-01-23 15:25:15,907 - ResourceManager : found tpjsstartup.vm with loader org.apache.velocity.runtime.resource.loader.ClasspathResourceLoader
2017-01-23 15:25:15,923 - ResourceManager : found tpjshybridstartupforspa.vm with loader org.apache.velocity.runtime.resource.loader.ClasspathResourceLoader
2017-01-23 15:25:15,923 - ResourceManager : found tpjswinmobilesequencecontainerglobals.vm with loader org.apache.velocity.runtime.resource.loader.ClasspathResourceLoader
2017-01-23 15:25:15,939 - ResourceManager : found tpjswinmobilesequence.vm with loader org.apache.velocity.runtime.resource.loader.ClasspathResourceLoader
2017-01-23 15:25:15,939 - ResourceManager : found tpjsappconfigfortc.vm with loader org.apache.velocity.runtime.resource.loader.ClasspathResourceLoader
2017-01-23 15:25:15,939 - ResourceManager : found customizederrorjsptemplate.vm with loader org.apache.velocity.runtime.resource.loader.ClasspathResourceLoader
2017-01-23 15:25:15,939 - ResourceManager : found tpspabasetemplateforjs.vm with loader org.apache.velocity.runtime.resource.loader.ClasspathResourceLoader
2017-01-23 15:25:15,954 - ResourceManager : found tpjsformglobalsforbb10.vm with loader org.apache.velocity.runtime.resource.loader.ClasspathResourceLoader
2017-01-23 19:12:31,992 - Log4JLogChute initialized using file 'velocity.log'
2017-01-23 19:12:31,992 - Starting Apache Velocity v1.5 (compiled: 2007-02-22 08:52:29)
2017-01-23 19:12:31,992 - Default Properties File: org\apache\velocity\runtime\defaults\velocity.properties
2017-01-23 19:12:31,992 - Trying to use logger class org.apache.velocity.runtime.log.AvalonLogChute
2017-01-23 19:12:31,992 - Couldn't find class org.apache.velocity.runtime.log.AvalonLogChute or necessary supporting classes in classpath.
java.lang.NoClassDefFoundError: org/apache/log/format/Formatter
	at java.lang.Class.forName0(Native Method)
	at java.lang.Class.forName(Class.java:348)
	at org.apache.velocity.util.ClassUtils.getClass(ClassUtils.java:63)
	at org.apache.velocity.util.ClassUtils.getNewInstance(ClassUtils.java:95)
	at org.apache.velocity.runtime.log.LogManager.createLogChute(LogManager.java:147)
	at org.apache.velocity.runtime.log.LogManager.updateLog(LogManager.java:208)
	at org.apache.velocity.runtime.RuntimeInstance.initializeLog(RuntimeInstance.java:728)
	at org.apache.velocity.runtime.RuntimeInstance.init(RuntimeInstance.java:240)
	at org.apache.velocity.runtime.RuntimeInstance.init(RuntimeInstance.java:534)
	at org.apache.velocity.runtime.RuntimeSingleton.init(RuntimeSingleton.java:227)
	at org.apache.velocity.app.Velocity.init(Velocity.java:111)
	at com.kony.tool.templateprovider.VelocityTemplateProvider.<clinit>(VelocityTemplateProvider.java:53)
	at com.pat.tool.keditor.KEditorPlugin.init(KEditorPlugin.java:896)
	at com.pat.tool.keditor.KEditorPlugin.start(KEditorPlugin.java:593)
	at org.eclipse.osgi.framework.internal.core.BundleContextImpl$1.run(BundleContextImpl.java:711)
	at java.security.AccessController.doPrivileged(Native Method)
	at org.eclipse.osgi.framework.internal.core.BundleContextImpl.startActivator(BundleContextImpl.java:702)
	at org.eclipse.osgi.framework.internal.core.BundleContextImpl.start(BundleContextImpl.java:683)
	at org.eclipse.osgi.framework.internal.core.BundleHost.startWorker(BundleHost.java:381)
	at org.eclipse.osgi.framework.internal.core.AbstractBundle.start(AbstractBundle.java:300)
	at org.eclipse.osgi.framework.util.SecureAction.start(SecureAction.java:478)
	at org.eclipse.osgi.internal.loader.BundleLoader.setLazyTrigger(BundleLoader.java:263)
	at org.eclipse.core.runtime.internal.adaptor.EclipseLazyStarter.postFindLocalClass(EclipseLazyStarter.java:109)
	at org.eclipse.osgi.baseadaptor.loader.ClasspathManager.findLocalClass(ClasspathManager.java:469)
	at org.eclipse.osgi.internal.baseadaptor.DefaultClassLoader.findLocalClass(DefaultClassLoader.java:216)
	at org.eclipse.osgi.internal.loader.BundleLoader.findLocalClass(BundleLoader.java:395)
	at org.eclipse.osgi.internal.loader.BundleLoader.findClassInternal(BundleLoader.java:464)
	at org.eclipse.osgi.internal.loader.BundleLoader.findClass(BundleLoader.java:421)
	at org.eclipse.osgi.internal.loader.BundleLoader.findClass(BundleLoader.java:412)
	at org.eclipse.osgi.internal.baseadaptor.DefaultClassLoader.loadClass(DefaultClassLoader.java:107)
	at java.lang.ClassLoader.loadClass(ClassLoader.java:357)
	at org.eclipse.osgi.internal.loader.BundleLoader.loadClass(BundleLoader.java:340)
	at org.eclipse.osgi.framework.internal.core.BundleHost.loadClass(BundleHost.java:229)
	at org.eclipse.osgi.framework.internal.core.AbstractBundle.loadClass(AbstractBundle.java:1212)
	at org.eclipse.core.internal.registry.osgi.RegistryStrategyOSGI.createExecutableExtension(RegistryStrategyOSGI.java:174)
	at org.eclipse.core.internal.registry.ExtensionRegistry.createExecutableExtension(ExtensionRegistry.java:905)
	at org.eclipse.core.internal.registry.ConfigurationElement.createExecutableExtension(ConfigurationElement.java:243)
	at org.eclipse.core.internal.registry.ConfigurationElementHandle.createExecutableExtension(ConfigurationElementHandle.java:55)
	at org.eclipse.equinox.internal.app.EclipseAppHandle.run(EclipseAppHandle.java:191)
	at org.eclipse.core.runtime.internal.adaptor.EclipseAppLauncher.runApplication(EclipseAppLauncher.java:110)
	at org.eclipse.core.runtime.internal.adaptor.EclipseAppLauncher.start(EclipseAppLauncher.java:79)
	at org.eclipse.core.runtime.adaptor.EclipseStarter.run(EclipseStarter.java:354)
	at org.eclipse.core.runtime.adaptor.EclipseStarter.run(EclipseStarter.java:181)
	at sun.reflect.NativeMethodAccessorImpl.invoke0(Native Method)
	at sun.reflect.NativeMethodAccessorImpl.invoke(NativeMethodAccessorImpl.java:62)
	at sun.reflect.DelegatingMethodAccessorImpl.invoke(DelegatingMethodAccessorImpl.java:43)
	at java.lang.reflect.Method.invoke(Method.java:498)
	at org.eclipse.equinox.launcher.Main.invokeFramework(Main.java:636)
	at org.eclipse.equinox.launcher.Main.basicRun(Main.java:591)
	at org.eclipse.equinox.launcher.Main.run(Main.java:1450)
	at org.eclipse.equinox.launcher.Main.main(Main.java:1426)
	at org.eclipse.core.launcher.Main.main(Main.java:34)
Caused by: java.lang.ClassNotFoundException: org.apache.log.format.Formatter cannot be found by com.kony.thirdparty.jars_7.2.1.GA_v201612131741
	at org.eclipse.osgi.internal.loader.BundleLoader.findClassInternal(BundleLoader.java:501)
	at org.eclipse.osgi.internal.loader.BundleLoader.findClass(BundleLoader.java:421)
	at org.eclipse.osgi.internal.loader.BundleLoader.findClass(BundleLoader.java:412)
	at org.eclipse.osgi.internal.baseadaptor.DefaultClassLoader.loadClass(DefaultClassLoader.java:107)
	at java.lang.ClassLoader.loadClass(ClassLoader.java:357)
	... 52 more
2017-01-23 19:12:32,007 - Trying to use logger class org.apache.velocity.runtime.log.Log4JLogChute
2017-01-23 19:12:32,007 - Using logger class org.apache.velocity.runtime.log.Log4JLogChute
2017-01-23 19:12:32,007 - Default ResourceManager initializing. (class org.apache.velocity.runtime.resource.ResourceManagerImpl)
2017-01-23 19:12:32,007 - ResourceLoader instantiated: org.apache.velocity.runtime.resource.loader.ClasspathResourceLoader
2017-01-23 19:12:32,007 - ResourceCache: initialized (class org.apache.velocity.runtime.resource.ResourceCacheImpl)
2017-01-23 19:12:32,007 - Loaded System Directive: org.apache.velocity.runtime.directive.Literal
2017-01-23 19:12:32,007 - Loaded System Directive: org.apache.velocity.runtime.directive.Macro
2017-01-23 19:12:32,007 - Loaded System Directive: org.apache.velocity.runtime.directive.Parse
2017-01-23 19:12:32,007 - Loaded System Directive: org.apache.velocity.runtime.directive.Include
2017-01-23 19:12:32,007 - Loaded System Directive: org.apache.velocity.runtime.directive.Foreach
2017-01-23 19:12:32,023 - Created '20' parsers.
2017-01-23 19:12:32,023 - Velocimacro : "velocimacro.library" is not set.  Trying default library: VM_global_library.vm
2017-01-23 19:12:32,070 - Velocimacro : Default library not found.
2017-01-23 19:12:32,070 - Velocimacro : allowInline = true : VMs can be defined inline in templates
2017-01-23 19:12:32,070 - Velocimacro : allowInlineToOverride = false : VMs defined inline may NOT replace previous VM definitions
2017-01-23 19:12:32,070 - Velocimacro : allowInlineLocal = false : VMs defined inline will be global in scope if allowed.
2017-01-23 19:12:32,070 - Velocimacro : autoload off : VM system will not automatically reload global library macros
2017-01-24 15:18:44,900 - Log4JLogChute initialized using file 'velocity.log'
2017-01-24 15:18:44,901 - Starting Apache Velocity v1.5 (compiled: 2007-02-22 08:52:29)
2017-01-24 15:18:44,901 - Default Properties File: org\apache\velocity\runtime\defaults\velocity.properties
2017-01-24 15:18:44,901 - Trying to use logger class org.apache.velocity.runtime.log.AvalonLogChute
2017-01-24 15:18:44,901 - Couldn't find class org.apache.velocity.runtime.log.AvalonLogChute or necessary supporting classes in classpath.
java.lang.NoClassDefFoundError: org/apache/log/format/Formatter
	at java.lang.Class.forName0(Native Method)
	at java.lang.Class.forName(Class.java:270)
	at org.apache.velocity.util.ClassUtils.getClass(ClassUtils.java:63)
	at org.apache.velocity.util.ClassUtils.getNewInstance(ClassUtils.java:95)
	at org.apache.velocity.runtime.log.LogManager.createLogChute(LogManager.java:147)
	at org.apache.velocity.runtime.log.LogManager.updateLog(LogManager.java:208)
	at org.apache.velocity.runtime.RuntimeInstance.initializeLog(RuntimeInstance.java:728)
	at org.apache.velocity.runtime.RuntimeInstance.init(RuntimeInstance.java:240)
	at org.apache.velocity.runtime.RuntimeInstance.init(RuntimeInstance.java:534)
	at org.apache.velocity.runtime.RuntimeSingleton.init(RuntimeSingleton.java:227)
	at org.apache.velocity.app.Velocity.init(Velocity.java:111)
	at com.kony.tool.templateprovider.VelocityTemplateProvider.<clinit>(VelocityTemplateProvider.java:53)
	at com.pat.tool.keditor.KEditorPlugin.init(KEditorPlugin.java:896)
	at com.pat.tool.keditor.KEditorPlugin.start(KEditorPlugin.java:593)
	at org.eclipse.osgi.framework.internal.core.BundleContextImpl$1.run(BundleContextImpl.java:711)
	at java.security.AccessController.doPrivileged(Native Method)
	at org.eclipse.osgi.framework.internal.core.BundleContextImpl.startActivator(BundleContextImpl.java:702)
	at org.eclipse.osgi.framework.internal.core.BundleContextImpl.start(BundleContextImpl.java:683)
	at org.eclipse.osgi.framework.internal.core.BundleHost.startWorker(BundleHost.java:381)
	at org.eclipse.osgi.framework.internal.core.AbstractBundle.start(AbstractBundle.java:300)
	at org.eclipse.osgi.framework.util.SecureAction.start(SecureAction.java:478)
	at org.eclipse.osgi.internal.loader.BundleLoader.setLazyTrigger(BundleLoader.java:263)
	at org.eclipse.core.runtime.internal.adaptor.EclipseLazyStarter.postFindLocalClass(EclipseLazyStarter.java:109)
	at org.eclipse.osgi.baseadaptor.loader.ClasspathManager.findLocalClass(ClasspathManager.java:469)
	at org.eclipse.osgi.internal.baseadaptor.DefaultClassLoader.findLocalClass(DefaultClassLoader.java:216)
	at org.eclipse.osgi.internal.loader.BundleLoader.findLocalClass(BundleLoader.java:395)
	at org.eclipse.osgi.internal.loader.BundleLoader.findClassInternal(BundleLoader.java:464)
	at org.eclipse.osgi.internal.loader.BundleLoader.findClass(BundleLoader.java:421)
	at org.eclipse.osgi.internal.loader.BundleLoader.findClass(BundleLoader.java:412)
	at org.eclipse.osgi.internal.baseadaptor.DefaultClassLoader.loadClass(DefaultClassLoader.java:107)
	at java.lang.ClassLoader.loadClass(ClassLoader.java:358)
	at org.eclipse.osgi.internal.loader.BundleLoader.loadClass(BundleLoader.java:340)
	at org.eclipse.osgi.framework.internal.core.BundleHost.loadClass(BundleHost.java:229)
	at org.eclipse.osgi.framework.internal.core.AbstractBundle.loadClass(AbstractBundle.java:1212)
	at org.eclipse.core.internal.registry.osgi.RegistryStrategyOSGI.createExecutableExtension(RegistryStrategyOSGI.java:174)
	at org.eclipse.core.internal.registry.ExtensionRegistry.createExecutableExtension(ExtensionRegistry.java:905)
	at org.eclipse.core.internal.registry.ConfigurationElement.createExecutableExtension(ConfigurationElement.java:243)
	at org.eclipse.core.internal.registry.ConfigurationElementHandle.createExecutableExtension(ConfigurationElementHandle.java:55)
	at org.eclipse.equinox.internal.app.EclipseAppHandle.run(EclipseAppHandle.java:191)
	at org.eclipse.core.runtime.internal.adaptor.EclipseAppLauncher.runApplication(EclipseAppLauncher.java:110)
	at org.eclipse.core.runtime.internal.adaptor.EclipseAppLauncher.start(EclipseAppLauncher.java:79)
	at org.eclipse.core.runtime.adaptor.EclipseStarter.run(EclipseStarter.java:354)
	at org.eclipse.core.runtime.adaptor.EclipseStarter.run(EclipseStarter.java:181)
	at sun.reflect.NativeMethodAccessorImpl.invoke0(Native Method)
	at sun.reflect.NativeMethodAccessorImpl.invoke(NativeMethodAccessorImpl.java:57)
	at sun.reflect.DelegatingMethodAccessorImpl.invoke(DelegatingMethodAccessorImpl.java:43)
	at java.lang.reflect.Method.invoke(Method.java:606)
	at org.eclipse.equinox.launcher.Main.invokeFramework(Main.java:636)
	at org.eclipse.equinox.launcher.Main.basicRun(Main.java:591)
	at org.eclipse.equinox.launcher.Main.run(Main.java:1450)
	at org.eclipse.equinox.launcher.Main.main(Main.java:1426)
	at org.eclipse.core.launcher.Main.main(Main.java:34)
Caused by: java.lang.ClassNotFoundException: org.apache.log.format.Formatter cannot be found by com.kony.thirdparty.jars_7.2.1.GA_v201612131741
	at org.eclipse.osgi.internal.loader.BundleLoader.findClassInternal(BundleLoader.java:501)
	at org.eclipse.osgi.internal.loader.BundleLoader.findClass(BundleLoader.java:421)
	at org.eclipse.osgi.internal.loader.BundleLoader.findClass(BundleLoader.java:412)
	at org.eclipse.osgi.internal.baseadaptor.DefaultClassLoader.loadClass(DefaultClassLoader.java:107)
	at java.lang.ClassLoader.loadClass(ClassLoader.java:358)
	... 52 more
2017-01-24 15:18:44,902 - Trying to use logger class org.apache.velocity.runtime.log.Log4JLogChute
2017-01-24 15:18:44,902 - Using logger class org.apache.velocity.runtime.log.Log4JLogChute
2017-01-24 15:18:44,904 - Default ResourceManager initializing. (class org.apache.velocity.runtime.resource.ResourceManagerImpl)
2017-01-24 15:18:44,905 - ResourceLoader instantiated: org.apache.velocity.runtime.resource.loader.ClasspathResourceLoader
2017-01-24 15:18:44,913 - ResourceCache: initialized (class org.apache.velocity.runtime.resource.ResourceCacheImpl)
2017-01-24 15:18:44,913 - Loaded System Directive: org.apache.velocity.runtime.directive.Literal
2017-01-24 15:18:44,914 - Loaded System Directive: org.apache.velocity.runtime.directive.Macro
2017-01-24 15:18:44,915 - Loaded System Directive: org.apache.velocity.runtime.directive.Parse
2017-01-24 15:18:44,915 - Loaded System Directive: org.apache.velocity.runtime.directive.Include
2017-01-24 15:18:44,916 - Loaded System Directive: org.apache.velocity.runtime.directive.Foreach
2017-01-24 15:18:44,933 - Created '20' parsers.
2017-01-24 15:18:44,936 - Velocimacro : "velocimacro.library" is not set.  Trying default library: VM_global_library.vm
2017-01-24 15:18:44,972 - Velocimacro : Default library not found.
2017-01-24 15:18:44,972 - Velocimacro : allowInline = true : VMs can be defined inline in templates
2017-01-24 15:18:44,972 - Velocimacro : allowInlineToOverride = false : VMs defined inline may NOT replace previous VM definitions
2017-01-24 15:18:44,972 - Velocimacro : allowInlineLocal = false : VMs defined inline will be global in scope if allowed.
2017-01-24 15:18:44,972 - Velocimacro : autoload off : VM system will not automatically reload global library macros
